<?xml version="1.0" encoding="UTF-8"?>
<coverage generated="1687623715277" clover="3.2.0">
  <project timestamp="1687623715277" name="All files">
    <metrics statements="52" coveredstatements="45" conditionals="19" coveredconditionals="13" methods="11" coveredmethods="11" elements="82" coveredelements="69" complexity="0" loc="52" ncloc="52" packages="1" files="1" classes="1"/>
    <file name="converterService.ts" path="/Users/spencermerryman/WebstormProjects/untitled/src/converterService.ts">
      <metrics statements="52" coveredstatements="45" conditionals="19" coveredconditionals="13" methods="11" coveredmethods="11"/>
      <line num="1" count="1" type="cond" truecount="2" falsecount="0"/>
      <line num="2" count="1" type="stmt"/>
      <line num="3" count="1" type="stmt"/>
      <line num="4" count="1" type="stmt"/>
      <line num="5" count="1" type="stmt"/>
      <line num="8" count="1" type="cond" truecount="2" falsecount="0"/>
      <line num="9" count="1" type="stmt"/>
      <line num="10" count="1" type="stmt"/>
      <line num="13" count="1" type="stmt"/>
      <line num="18" count="3" type="stmt"/>
      <line num="19" count="3" type="stmt"/>
      <line num="28" count="38" type="stmt"/>
      <line num="29" count="38" type="stmt"/>
      <line num="33" count="38" type="stmt"/>
      <line num="35" count="0" type="cond" truecount="0" falsecount="1"/>
      <line num="36" count="0" type="stmt"/>
      <line num="39" count="0" type="cond" truecount="0" falsecount="1"/>
      <line num="40" count="0" type="stmt"/>
      <line num="49" count="3" type="stmt"/>
      <line num="50" count="3" type="stmt"/>
      <line num="51" count="3" type="stmt"/>
      <line num="52" count="3" type="stmt"/>
      <line num="53" count="38" type="stmt"/>
      <line num="54" count="38" type="cond" truecount="1" falsecount="1"/>
      <line num="55" count="38" type="cond" truecount="1" falsecount="0"/>
      <line num="56" count="6" type="stmt"/>
      <line num="58" count="38" type="cond" truecount="2" falsecount="0"/>
      <line num="59" count="3" type="stmt"/>
      <line num="61" count="35" type="stmt"/>
      <line num="64" count="38" type="cond" truecount="1" falsecount="0"/>
      <line num="65" count="4" type="stmt"/>
      <line num="68" count="38" type="stmt"/>
      <line num="70" count="0" type="stmt"/>
      <line num="73" count="38" type="cond" truecount="0" falsecount="1"/>
      <line num="74" count="0" type="stmt"/>
      <line num="77" count="3" type="stmt"/>
      <line num="85" count="38" type="stmt"/>
      <line num="86" count="38" type="stmt"/>
      <line num="94" count="6" type="stmt"/>
      <line num="95" count="6" type="stmt"/>
      <line num="96" count="6" type="stmt"/>
      <line num="104" count="35" type="cond" truecount="2" falsecount="0"/>
      <line num="105" count="34" type="stmt"/>
      <line num="107" count="1" type="stmt"/>
      <line num="116" count="38" type="stmt"/>
      <line num="117" count="38" type="stmt"/>
      <line num="125" count="3" type="stmt"/>
      <line num="126" count="3" type="stmt"/>
      <line num="127" count="3" type="cond" truecount="1" falsecount="1"/>
      <line num="128" count="3" type="cond" truecount="1" falsecount="1"/>
      <line num="129" count="3" type="stmt"/>
      <line num="131" count="0" type="stmt"/>
    </file>
  </project>
</coverage>
