{"/Users/spencermerryman/WebstormProjects/untitled/src/converterService.ts": {"path":"/Users/spencermerryman/WebstormProjects/untitled/src/converterService.ts","statementMap":{"0":{"start":{"line":1,"column":0},"end":{"line":1,"column":null}},"1":{"start":{"line":2,"column":2},"end":{"line":2,"column":null}},"2":{"start":{"line":3,"column":2},"end":{"line":3,"column":null}},"3":{"start":{"line":4,"column":2},"end":{"line":4,"column":null}},"4":{"start":{"line":5,"column":2},"end":{"line":5,"column":null}},"5":{"start":{"line":8,"column":0},"end":{"line":8,"column":null}},"6":{"start":{"line":9,"column":2},"end":{"line":9,"column":null}},"7":{"start":{"line":10,"column":2},"end":{"line":10,"column":null}},"8":{"start":{"line":18,"column":4},"end":{"line":18,"column":23}},"9":{"start":{"line":19,"column":4},"end":{"line":19,"column":null}},"10":{"start":{"line":28,"column":22},"end":{"line":28,"column":39}},"11":{"start":{"line":29,"column":26},"end":{"line":29,"column":47}},"12":{"start":{"line":33,"column":4},"end":{"line":33,"column":null}},"13":{"start":{"line":35,"column":4},"end":{"line":37,"column":null}},"14":{"start":{"line":36,"column":6},"end":{"line":36,"column":null}},"15":{"start":{"line":39,"column":4},"end":{"line":41,"column":null}},"16":{"start":{"line":40,"column":6},"end":{"line":40,"column":null}},"17":{"start":{"line":49,"column":19},"end":{"line":49,"column":21}},"18":{"start":{"line":50,"column":25},"end":{"line":50,"column":57}},"19":{"start":{"line":51,"column":19},"end":{"line":51,"column":21}},"20":{"start":{"line":52,"column":4},"end":{"line":76,"column":null}},"21":{"start":{"line":53,"column":21},"end":{"line":53,"column":47}},"22":{"start":{"line":54,"column":6},"end":{"line":71,"column":null}},"23":{"start":{"line":55,"column":8},"end":{"line":57,"column":null}},"24":{"start":{"line":56,"column":10},"end":{"line":56,"column":null}},"25":{"start":{"line":58,"column":8},"end":{"line":62,"column":null}},"26":{"start":{"line":59,"column":10},"end":{"line":59,"column":72}},"27":{"start":{"line":61,"column":10},"end":{"line":61,"column":73}},"28":{"start":{"line":64,"column":8},"end":{"line":66,"column":null}},"29":{"start":{"line":65,"column":10},"end":{"line":65,"column":null}},"30":{"start":{"line":68,"column":8},"end":{"line":68,"column":24}},"31":{"start":{"line":70,"column":8},"end":{"line":70,"column":33}},"32":{"start":{"line":73,"column":6},"end":{"line":75,"column":null}},"33":{"start":{"line":74,"column":8},"end":{"line":74,"column":null}},"34":{"start":{"line":77,"column":4},"end":{"line":77,"column":20}},"35":{"start":{"line":85,"column":30},"end":{"line":85,"column":46}},"36":{"start":{"line":86,"column":4},"end":{"line":86,"column":40}},"37":{"start":{"line":94,"column":30},"end":{"line":94,"column":69}},"38":{"start":{"line":95,"column":21},"end":{"line":95,"column":75}},"39":{"start":{"line":96,"column":4},"end":{"line":96,"column":20}},"40":{"start":{"line":104,"column":4},"end":{"line":108,"column":null}},"41":{"start":{"line":105,"column":6},"end":{"line":105,"column":30}},"42":{"start":{"line":107,"column":6},"end":{"line":107,"column":null}},"43":{"start":{"line":116,"column":33},"end":{"line":116,"column":46}},"44":{"start":{"line":117,"column":4},"end":{"line":117,"column":43}},"45":{"start":{"line":125,"column":18},"end":{"line":125,"column":23}},"46":{"start":{"line":126,"column":18},"end":{"line":126,"column":35}},"47":{"start":{"line":127,"column":19},"end":{"line":127,"column":46}},"48":{"start":{"line":128,"column":4},"end":{"line":132,"column":null}},"49":{"start":{"line":129,"column":6},"end":{"line":129,"column":null}},"50":{"start":{"line":131,"column":6},"end":{"line":131,"column":null}},"51":{"start":{"line":13,"column":0},"end":{"line":13,"column":13}}},"fnMap":{"0":{"name":"(anonymous_0)","decl":{"start":{"line":1,"column":0},"end":{"line":1,"column":5}},"loc":{"start":{"line":1,"column":18},"end":{"line":6,"column":1}}},"1":{"name":"(anonymous_1)","decl":{"start":{"line":8,"column":0},"end":{"line":8,"column":12}},"loc":{"start":{"line":8,"column":26},"end":{"line":11,"column":1}}},"2":{"name":"(anonymous_2)","decl":{"start":{"line":17,"column":2},"end":{"line":17,"column":14}},"loc":{"start":{"line":17,"column":49},"end":{"line":20,"column":3}}},"3":{"name":"(anonymous_3)","decl":{"start":{"line":27,"column":10},"end":{"line":27,"column":25}},"loc":{"start":{"line":27,"column":38},"end":{"line":42,"column":3}}},"4":{"name":"(anonymous_4)","decl":{"start":{"line":48,"column":9},"end":{"line":48,"column":12}},"loc":{"start":{"line":48,"column":12},"end":{"line":78,"column":3}}},"5":{"name":"(anonymous_5)","decl":{"start":{"line":52,"column":25},"end":{"line":52,"column":29}},"loc":{"start":{"line":52,"column":32},"end":{"line":76,"column":5}}},"6":{"name":"(anonymous_6)","decl":{"start":{"line":84,"column":2},"end":{"line":84,"column":8}},"loc":{"start":{"line":84,"column":37},"end":{"line":87,"column":3}}},"7":{"name":"(anonymous_7)","decl":{"start":{"line":93,"column":2},"end":{"line":93,"column":8}},"loc":{"start":{"line":93,"column":39},"end":{"line":97,"column":3}}},"8":{"name":"(anonymous_8)","decl":{"start":{"line":103,"column":2},"end":{"line":103,"column":8}},"loc":{"start":{"line":103,"column":44},"end":{"line":109,"column":3}}},"9":{"name":"(anonymous_9)","decl":{"start":{"line":115,"column":2},"end":{"line":115,"column":8}},"loc":{"start":{"line":115,"column":40},"end":{"line":118,"column":3}}},"10":{"name":"(anonymous_10)","decl":{"start":{"line":124,"column":2},"end":{"line":124,"column":8}},"loc":{"start":{"line":124,"column":43},"end":{"line":133,"column":3}}}},"branchMap":{"0":{"loc":{"start":{"line":1,"column":5},"end":{"line":1,"column":null}},"type":"binary-expr","locations":[{"start":{"line":1,"column":5},"end":{"line":1,"column":18}},{"start":{"line":1,"column":5},"end":{"line":1,"column":null}}]},"1":{"loc":{"start":{"line":8,"column":12},"end":{"line":8,"column":null}},"type":"binary-expr","locations":[{"start":{"line":8,"column":12},"end":{"line":8,"column":26}},{"start":{"line":8,"column":26},"end":{"line":8,"column":null}}]},"2":{"loc":{"start":{"line":35,"column":4},"end":{"line":37,"column":null}},"type":"if","locations":[{"start":{"line":35,"column":4},"end":{"line":37,"column":null}}]},"3":{"loc":{"start":{"line":39,"column":4},"end":{"line":41,"column":null}},"type":"if","locations":[{"start":{"line":39,"column":4},"end":{"line":41,"column":null}}]},"4":{"loc":{"start":{"line":54,"column":6},"end":{"line":71,"column":null}},"type":"if","locations":[{"start":{"line":54,"column":6},"end":{"line":71,"column":null}},{"start":{"line":69,"column":13},"end":{"line":71,"column":null}}]},"5":{"loc":{"start":{"line":55,"column":8},"end":{"line":57,"column":null}},"type":"if","locations":[{"start":{"line":55,"column":8},"end":{"line":57,"column":null}}]},"6":{"loc":{"start":{"line":58,"column":8},"end":{"line":62,"column":null}},"type":"if","locations":[{"start":{"line":58,"column":8},"end":{"line":62,"column":null}},{"start":{"line":60,"column":15},"end":{"line":62,"column":null}}]},"7":{"loc":{"start":{"line":64,"column":8},"end":{"line":66,"column":null}},"type":"if","locations":[{"start":{"line":64,"column":8},"end":{"line":66,"column":null}}]},"8":{"loc":{"start":{"line":73,"column":6},"end":{"line":75,"column":null}},"type":"if","locations":[{"start":{"line":73,"column":6},"end":{"line":75,"column":null}}]},"9":{"loc":{"start":{"line":104,"column":4},"end":{"line":108,"column":null}},"type":"if","locations":[{"start":{"line":104,"column":4},"end":{"line":108,"column":null}},{"start":{"line":106,"column":11},"end":{"line":108,"column":null}}]},"10":{"loc":{"start":{"line":127,"column":19},"end":{"line":127,"column":46}},"type":"cond-expr","locations":[{"start":{"line":127,"column":27},"end":{"line":127,"column":42}},{"start":{"line":127,"column":45},"end":{"line":127,"column":46}}]},"11":{"loc":{"start":{"line":128,"column":4},"end":{"line":132,"column":null}},"type":"if","locations":[{"start":{"line":128,"column":4},"end":{"line":132,"column":null}},{"start":{"line":130,"column":11},"end":{"line":132,"column":null}}]}},"s":{"0":1,"1":1,"2":1,"3":1,"4":1,"5":1,"6":1,"7":1,"8":3,"9":3,"10":38,"11":38,"12":38,"13":0,"14":0,"15":0,"16":0,"17":3,"18":3,"19":3,"20":3,"21":38,"22":38,"23":38,"24":6,"25":38,"26":3,"27":35,"28":38,"29":4,"30":38,"31":0,"32":38,"33":0,"34":3,"35":38,"36":38,"37":6,"38":6,"39":6,"40":35,"41":34,"42":1,"43":38,"44":38,"45":3,"46":3,"47":3,"48":3,"49":3,"50":0,"51":1},"f":{"0":1,"1":1,"2":3,"3":38,"4":3,"5":38,"6":38,"7":6,"8":35,"9":38,"10":3},"b":{"0":[1,1],"1":[1,1],"2":[0],"3":[0],"4":[38,0],"5":[6],"6":[3,35],"7":[4],"8":[0],"9":[34,1],"10":[3,0],"11":[3,0]}}
}
