TN:
SF:src/converterService.ts
FN:1,(anonymous_0)
FN:8,(anonymous_1)
FN:17,(anonymous_2)
FN:27,(anonymous_3)
FN:48,(anonymous_4)
FN:52,(anonymous_5)
FN:84,(anonymous_6)
FN:93,(anonymous_7)
FN:103,(anonymous_8)
FN:115,(anonymous_9)
FN:124,(anonymous_10)
FNF:11
FNH:11
FNDA:1,(anonymous_0)
FNDA:1,(anonymous_1)
FNDA:3,(anonymous_2)
FNDA:38,(anonymous_3)
FNDA:3,(anonymous_4)
FNDA:38,(anonymous_5)
FNDA:38,(anonymous_6)
FNDA:6,(anonymous_7)
FNDA:35,(anonymous_8)
FNDA:38,(anonymous_9)
FNDA:3,(anonymous_10)
DA:1,1
DA:2,1
DA:3,1
DA:4,1
DA:5,1
DA:8,1
DA:9,1
DA:10,1
DA:13,1
DA:18,3
DA:19,3
DA:28,38
DA:29,38
DA:33,38
DA:35,0
DA:36,0
DA:39,0
DA:40,0
DA:49,3
DA:50,3
DA:51,3
DA:52,3
DA:53,38
DA:54,38
DA:55,38
DA:56,6
DA:58,38
DA:59,3
DA:61,35
DA:64,38
DA:65,4
DA:68,38
DA:70,0
DA:73,38
DA:74,0
DA:77,3
DA:85,38
DA:86,38
DA:94,6
DA:95,6
DA:96,6
DA:104,35
DA:105,34
DA:107,1
DA:116,38
DA:117,38
DA:125,3
DA:126,3
DA:127,3
DA:128,3
DA:129,3
DA:131,0
LF:52
LH:45
BRDA:1,0,0,1
BRDA:1,0,1,1
BRDA:8,1,0,1
BRDA:8,1,1,1
BRDA:35,2,0,0
BRDA:39,3,0,0
BRDA:54,4,0,38
BRDA:54,4,1,0
BRDA:55,5,0,6
BRDA:58,6,0,3
BRDA:58,6,1,35
BRDA:64,7,0,4
BRDA:73,8,0,0
BRDA:104,9,0,34
BRDA:104,9,1,1
BRDA:127,10,0,3
BRDA:127,10,1,0
BRDA:128,11,0,3
BRDA:128,11,1,0
BRF:19
BRH:13
end_of_record
